<?xml version="1.0" encoding="UTF-8"?>
<testsuite xmlns:xsi="http://www.w3.org/2001/XMLSchema-instance" xsi:noNamespaceSchemaLocation="https://maven.apache.org/surefire/maven-surefire-plugin/xsd/surefire-test-report.xsd" version="3.0.2" name="com.example.PracticeTwo.PracticeTwoApplicationTests" time="2.856" tests="1" errors="0" skipped="0" failures="0">
  <properties>
    <property name="java.specification.version" value="17"/>
    <property name="sun.cpu.isalist" value="amd64"/>
    <property name="sun.jnu.encoding" value="Cp1252"/>
    <property name="java.class.path" value="D:\Eclipse Demo\PracticeTwo\target\test-classes;D:\Eclipse Demo\PracticeTwo\target\classes;C:\Users\msabi\.m2\repository\org\springframework\boot\spring-boot-starter\4.0.0-M1\spring-boot-starter-4.0.0-M1.jar;C:\Users\msabi\.m2\repository\org\springframework\boot\spring-boot-starter-logging\4.0.0-M1\spring-boot-starter-logging-4.0.0-M1.jar;C:\Users\msabi\.m2\repository\org\springframework\boot\spring-boot-starter-logback\4.0.0-M1\spring-boot-starter-logback-4.0.0-M1.jar;C:\Users\msabi\.m2\repository\ch\qos\logback\logback-classic\1.5.18\logback-classic-1.5.18.jar;C:\Users\msabi\.m2\repository\ch\qos\logback\logback-core\1.5.18\logback-core-1.5.18.jar;C:\Users\msabi\.m2\repository\org\apache\logging\log4j\log4j-to-slf4j\2.24.3\log4j-to-slf4j-2.24.3.jar;C:\Users\msabi\.m2\repository\org\apache\logging\log4j\log4j-api\2.24.3\log4j-api-2.24.3.jar;C:\Users\msabi\.m2\repository\org\slf4j\jul-to-slf4j\2.0.17\jul-to-slf4j-2.0.17.jar;C:\Users\msabi\.m2\repository\org\springframework\boot\spring-boot-autoconfigure\4.0.0-M1\spring-boot-autoconfigure-4.0.0-M1.jar;C:\Users\msabi\.m2\repository\jakarta\annotation\jakarta.annotation-api\3.0.0\jakarta.annotation-api-3.0.0.jar;C:\Users\msabi\.m2\repository\org\yaml\snakeyaml\2.4\snakeyaml-2.4.jar;C:\Users\msabi\.m2\repository\org\projectlombok\lombok\1.18.38\lombok-1.18.38.jar;C:\Users\msabi\.m2\repository\org\springframework\boot\spring-boot-starter-web\4.0.0-M1\spring-boot-starter-web-4.0.0-M1.jar;C:\Users\msabi\.m2\repository\org\springframework\boot\spring-boot-starter-webmvc\4.0.0-M1\spring-boot-starter-webmvc-4.0.0-M1.jar;C:\Users\msabi\.m2\repository\org\springframework\boot\spring-boot-starter-json\4.0.0-M1\spring-boot-starter-json-4.0.0-M1.jar;C:\Users\msabi\.m2\repository\org\springframework\boot\spring-boot-starter-jackson\4.0.0-M1\spring-boot-starter-jackson-4.0.0-M1.jar;C:\Users\msabi\.m2\repository\org\springframework\boot\spring-boot-jackson\4.0.0-M1\spring-boot-jackson-4.0.0-M1.jar;C:\Users\msabi\.m2\repository\com\fasterxml\jackson\core\jackson-databind\2.19.2\jackson-databind-2.19.2.jar;C:\Users\msabi\.m2\repository\com\fasterxml\jackson\datatype\jackson-datatype-jdk8\2.19.2\jackson-datatype-jdk8-2.19.2.jar;C:\Users\msabi\.m2\repository\com\fasterxml\jackson\core\jackson-core\2.19.2\jackson-core-2.19.2.jar;C:\Users\msabi\.m2\repository\com\fasterxml\jackson\datatype\jackson-datatype-jsr310\2.19.2\jackson-datatype-jsr310-2.19.2.jar;C:\Users\msabi\.m2\repository\com\fasterxml\jackson\core\jackson-annotations\2.19.2\jackson-annotations-2.19.2.jar;C:\Users\msabi\.m2\repository\com\fasterxml\jackson\module\jackson-module-parameter-names\2.19.2\jackson-module-parameter-names-2.19.2.jar;C:\Users\msabi\.m2\repository\org\springframework\boot\spring-boot-starter-tomcat\4.0.0-M1\spring-boot-starter-tomcat-4.0.0-M1.jar;C:\Users\msabi\.m2\repository\org\springframework\boot\spring-boot-tomcat\4.0.0-M1\spring-boot-tomcat-4.0.0-M1.jar;C:\Users\msabi\.m2\repository\org\springframework\boot\spring-boot-web-server\4.0.0-M1\spring-boot-web-server-4.0.0-M1.jar;C:\Users\msabi\.m2\repository\org\apache\tomcat\embed\tomcat-embed-core\11.0.9\tomcat-embed-core-11.0.9.jar;C:\Users\msabi\.m2\repository\org\apache\tomcat\embed\tomcat-embed-websocket\11.0.9\tomcat-embed-websocket-11.0.9.jar;C:\Users\msabi\.m2\repository\org\springframework\boot\spring-boot-http-converter\4.0.0-M1\spring-boot-http-converter-4.0.0-M1.jar;C:\Users\msabi\.m2\repository\org\springframework\spring-web\7.0.0-M7\spring-web-7.0.0-M7.jar;C:\Users\msabi\.m2\repository\org\springframework\boot\spring-boot-webmvc\4.0.0-M1\spring-boot-webmvc-4.0.0-M1.jar;C:\Users\msabi\.m2\repository\org\springframework\boot\spring-boot-servlet\4.0.0-M1\spring-boot-servlet-4.0.0-M1.jar;C:\Users\msabi\.m2\repository\org\springframework\spring-webmvc\7.0.0-M7\spring-webmvc-7.0.0-M7.jar;C:\Users\msabi\.m2\repository\org\springframework\boot\spring-boot-devtools\4.0.0-M1\spring-boot-devtools-4.0.0-M1.jar;C:\Users\msabi\.m2\repository\org\springframework\boot\spring-boot\4.0.0-M1\spring-boot-4.0.0-M1.jar;C:\Users\msabi\.m2\repository\org\springframework\spring-context\7.0.0-M7\spring-context-7.0.0-M7.jar;C:\Users\msabi\.m2\repository\org\springframework\spring-aop\7.0.0-M7\spring-aop-7.0.0-M7.jar;C:\Users\msabi\.m2\repository\org\springframework\spring-beans\7.0.0-M7\spring-beans-7.0.0-M7.jar;C:\Users\msabi\.m2\repository\org\springframework\spring-expression\7.0.0-M7\spring-expression-7.0.0-M7.jar;C:\Users\msabi\.m2\repository\io\micrometer\micrometer-observation\1.16.0-M1\micrometer-observation-1.16.0-M1.jar;C:\Users\msabi\.m2\repository\io\micrometer\micrometer-commons\1.16.0-M1\micrometer-commons-1.16.0-M1.jar;C:\Users\msabi\.m2\repository\org\springframework\boot\spring-boot-starter-validation\4.0.0-M1\spring-boot-starter-validation-4.0.0-M1.jar;C:\Users\msabi\.m2\repository\org\springframework\boot\spring-boot-validation\4.0.0-M1\spring-boot-validation-4.0.0-M1.jar;C:\Users\msabi\.m2\repository\org\apache\tomcat\embed\tomcat-embed-el\11.0.9\tomcat-embed-el-11.0.9.jar;C:\Users\msabi\.m2\repository\org\hibernate\validator\hibernate-validator\9.0.1.Final\hibernate-validator-9.0.1.Final.jar;C:\Users\msabi\.m2\repository\jakarta\validation\jakarta.validation-api\3.1.1\jakarta.validation-api-3.1.1.jar;C:\Users\msabi\.m2\repository\org\jboss\logging\jboss-logging\3.6.1.Final\jboss-logging-3.6.1.Final.jar;C:\Users\msabi\.m2\repository\com\fasterxml\classmate\1.7.0\classmate-1.7.0.jar;C:\Users\msabi\.m2\repository\org\springframework\boot\spring-boot-starter-test\4.0.0-M1\spring-boot-starter-test-4.0.0-M1.jar;C:\Users\msabi\.m2\repository\org\springframework\boot\spring-boot-test\4.0.0-M1\spring-boot-test-4.0.0-M1.jar;C:\Users\msabi\.m2\repository\org\springframework\boot\spring-boot-restclient-test\4.0.0-M1\spring-boot-restclient-test-4.0.0-M1.jar;C:\Users\msabi\.m2\repository\org\springframework\boot\spring-boot-test-autoconfigure\4.0.0-M1\spring-boot-test-autoconfigure-4.0.0-M1.jar;C:\Users\msabi\.m2\repository\org\springframework\boot\spring-boot-web-server-test\4.0.0-M1\spring-boot-web-server-test-4.0.0-M1.jar;C:\Users\msabi\.m2\repository\com\jayway\jsonpath\json-path\2.9.0\json-path-2.9.0.jar;C:\Users\msabi\.m2\repository\org\slf4j\slf4j-api\2.0.17\slf4j-api-2.0.17.jar;C:\Users\msabi\.m2\repository\jakarta\xml\bind\jakarta.xml.bind-api\4.0.2\jakarta.xml.bind-api-4.0.2.jar;C:\Users\msabi\.m2\repository\jakarta\activation\jakarta.activation-api\2.1.3\jakarta.activation-api-2.1.3.jar;C:\Users\msabi\.m2\repository\net\minidev\json-smart\2.5.2\json-smart-2.5.2.jar;C:\Users\msabi\.m2\repository\net\minidev\accessors-smart\2.5.2\accessors-smart-2.5.2.jar;C:\Users\msabi\.m2\repository\org\ow2\asm\asm\9.7.1\asm-9.7.1.jar;C:\Users\msabi\.m2\repository\org\assertj\assertj-core\3.27.3\assertj-core-3.27.3.jar;C:\Users\msabi\.m2\repository\net\bytebuddy\byte-buddy\1.17.6\byte-buddy-1.17.6.jar;C:\Users\msabi\.m2\repository\org\awaitility\awaitility\4.3.0\awaitility-4.3.0.jar;C:\Users\msabi\.m2\repository\org\hamcrest\hamcrest\3.0\hamcrest-3.0.jar;C:\Users\msabi\.m2\repository\org\junit\jupiter\junit-jupiter\5.13.4\junit-jupiter-5.13.4.jar;C:\Users\msabi\.m2\repository\org\junit\jupiter\junit-jupiter-api\5.13.4\junit-jupiter-api-5.13.4.jar;C:\Users\msabi\.m2\repository\org\opentest4j\opentest4j\1.3.0\opentest4j-1.3.0.jar;C:\Users\msabi\.m2\repository\org\junit\platform\junit-platform-commons\1.13.4\junit-platform-commons-1.13.4.jar;C:\Users\msabi\.m2\repository\org\apiguardian\apiguardian-api\1.1.2\apiguardian-api-1.1.2.jar;C:\Users\msabi\.m2\repository\org\junit\jupiter\junit-jupiter-params\5.13.4\junit-jupiter-params-5.13.4.jar;C:\Users\msabi\.m2\repository\org\junit\jupiter\junit-jupiter-engine\5.13.4\junit-jupiter-engine-5.13.4.jar;C:\Users\msabi\.m2\repository\org\junit\platform\junit-platform-engine\1.13.4\junit-platform-engine-1.13.4.jar;C:\Users\msabi\.m2\repository\org\mockito\mockito-core\5.18.0\mockito-core-5.18.0.jar;C:\Users\msabi\.m2\repository\net\bytebuddy\byte-buddy-agent\1.17.6\byte-buddy-agent-1.17.6.jar;C:\Users\msabi\.m2\repository\org\objenesis\objenesis\3.3\objenesis-3.3.jar;C:\Users\msabi\.m2\repository\org\mockito\mockito-junit-jupiter\5.18.0\mockito-junit-jupiter-5.18.0.jar;C:\Users\msabi\.m2\repository\org\skyscreamer\jsonassert\1.5.3\jsonassert-1.5.3.jar;C:\Users\msabi\.m2\repository\com\vaadin\external\google\android-json\0.0.20131108.vaadin1\android-json-0.0.20131108.vaadin1.jar;C:\Users\msabi\.m2\repository\org\springframework\spring-core\7.0.0-M7\spring-core-7.0.0-M7.jar;C:\Users\msabi\.m2\repository\commons-logging\commons-logging\1.3.5\commons-logging-1.3.5.jar;C:\Users\msabi\.m2\repository\org\jspecify\jspecify\1.0.0\jspecify-1.0.0.jar;C:\Users\msabi\.m2\repository\org\springframework\spring-test\7.0.0-M7\spring-test-7.0.0-M7.jar;C:\Users\msabi\.m2\repository\org\xmlunit\xmlunit-core\2.10.3\xmlunit-core-2.10.3.jar;"/>
    <property name="java.vm.vendor" value="Oracle Corporation"/>
    <property name="sun.arch.data.model" value="64"/>
    <property name="user.variant" value=""/>
    <property name="java.vendor.url" value="https://java.oracle.com/"/>
    <property name="user.timezone" value="Asia/Calcutta"/>
    <property name="org.jboss.logging.provider" value="slf4j"/>
    <property name="os.name" value="Windows 11"/>
    <property name="java.vm.specification.version" value="17"/>
    <property name="APPLICATION_NAME" value="PracticeTwo"/>
    <property name="sun.java.launcher" value="SUN_STANDARD"/>
    <property name="user.country" value="IN"/>
    <property name="sun.boot.library.path" value="C:\Program Files\Java\jdk-17\bin"/>
    <property name="sun.java.command" value="C:\Users\msabi\AppData\Local\Temp\surefire3402303734491066535\surefirebooter-20250826110750950_3.jar C:\Users\msabi\AppData\Local\Temp\surefire3402303734491066535 2025-08-26T11-07-50_791-jvmRun1 surefire-20250826110750950_1tmp surefire_0-20250826110750950_2tmp"/>
    <property name="jdk.debug" value="release"/>
    <property name="surefire.test.class.path" value="D:\Eclipse Demo\PracticeTwo\target\test-classes;D:\Eclipse Demo\PracticeTwo\target\classes;C:\Users\msabi\.m2\repository\org\springframework\boot\spring-boot-starter\4.0.0-M1\spring-boot-starter-4.0.0-M1.jar;C:\Users\msabi\.m2\repository\org\springframework\boot\spring-boot-starter-logging\4.0.0-M1\spring-boot-starter-logging-4.0.0-M1.jar;C:\Users\msabi\.m2\repository\org\springframework\boot\spring-boot-starter-logback\4.0.0-M1\spring-boot-starter-logback-4.0.0-M1.jar;C:\Users\msabi\.m2\repository\ch\qos\logback\logback-classic\1.5.18\logback-classic-1.5.18.jar;C:\Users\msabi\.m2\repository\ch\qos\logback\logback-core\1.5.18\logback-core-1.5.18.jar;C:\Users\msabi\.m2\repository\org\apache\logging\log4j\log4j-to-slf4j\2.24.3\log4j-to-slf4j-2.24.3.jar;C:\Users\msabi\.m2\repository\org\apache\logging\log4j\log4j-api\2.24.3\log4j-api-2.24.3.jar;C:\Users\msabi\.m2\repository\org\slf4j\jul-to-slf4j\2.0.17\jul-to-slf4j-2.0.17.jar;C:\Users\msabi\.m2\repository\org\springframework\boot\spring-boot-autoconfigure\4.0.0-M1\spring-boot-autoconfigure-4.0.0-M1.jar;C:\Users\msabi\.m2\repository\jakarta\annotation\jakarta.annotation-api\3.0.0\jakarta.annotation-api-3.0.0.jar;C:\Users\msabi\.m2\repository\org\yaml\snakeyaml\2.4\snakeyaml-2.4.jar;C:\Users\msabi\.m2\repository\org\projectlombok\lombok\1.18.38\lombok-1.18.38.jar;C:\Users\msabi\.m2\repository\org\springframework\boot\spring-boot-starter-web\4.0.0-M1\spring-boot-starter-web-4.0.0-M1.jar;C:\Users\msabi\.m2\repository\org\springframework\boot\spring-boot-starter-webmvc\4.0.0-M1\spring-boot-starter-webmvc-4.0.0-M1.jar;C:\Users\msabi\.m2\repository\org\springframework\boot\spring-boot-starter-json\4.0.0-M1\spring-boot-starter-json-4.0.0-M1.jar;C:\Users\msabi\.m2\repository\org\springframework\boot\spring-boot-starter-jackson\4.0.0-M1\spring-boot-starter-jackson-4.0.0-M1.jar;C:\Users\msabi\.m2\repository\org\springframework\boot\spring-boot-jackson\4.0.0-M1\spring-boot-jackson-4.0.0-M1.jar;C:\Users\msabi\.m2\repository\com\fasterxml\jackson\core\jackson-databind\2.19.2\jackson-databind-2.19.2.jar;C:\Users\msabi\.m2\repository\com\fasterxml\jackson\datatype\jackson-datatype-jdk8\2.19.2\jackson-datatype-jdk8-2.19.2.jar;C:\Users\msabi\.m2\repository\com\fasterxml\jackson\core\jackson-core\2.19.2\jackson-core-2.19.2.jar;C:\Users\msabi\.m2\repository\com\fasterxml\jackson\datatype\jackson-datatype-jsr310\2.19.2\jackson-datatype-jsr310-2.19.2.jar;C:\Users\msabi\.m2\repository\com\fasterxml\jackson\core\jackson-annotations\2.19.2\jackson-annotations-2.19.2.jar;C:\Users\msabi\.m2\repository\com\fasterxml\jackson\module\jackson-module-parameter-names\2.19.2\jackson-module-parameter-names-2.19.2.jar;C:\Users\msabi\.m2\repository\org\springframework\boot\spring-boot-starter-tomcat\4.0.0-M1\spring-boot-starter-tomcat-4.0.0-M1.jar;C:\Users\msabi\.m2\repository\org\springframework\boot\spring-boot-tomcat\4.0.0-M1\spring-boot-tomcat-4.0.0-M1.jar;C:\Users\msabi\.m2\repository\org\springframework\boot\spring-boot-web-server\4.0.0-M1\spring-boot-web-server-4.0.0-M1.jar;C:\Users\msabi\.m2\repository\org\apache\tomcat\embed\tomcat-embed-core\11.0.9\tomcat-embed-core-11.0.9.jar;C:\Users\msabi\.m2\repository\org\apache\tomcat\embed\tomcat-embed-websocket\11.0.9\tomcat-embed-websocket-11.0.9.jar;C:\Users\msabi\.m2\repository\org\springframework\boot\spring-boot-http-converter\4.0.0-M1\spring-boot-http-converter-4.0.0-M1.jar;C:\Users\msabi\.m2\repository\org\springframework\spring-web\7.0.0-M7\spring-web-7.0.0-M7.jar;C:\Users\msabi\.m2\repository\org\springframework\boot\spring-boot-webmvc\4.0.0-M1\spring-boot-webmvc-4.0.0-M1.jar;C:\Users\msabi\.m2\repository\org\springframework\boot\spring-boot-servlet\4.0.0-M1\spring-boot-servlet-4.0.0-M1.jar;C:\Users\msabi\.m2\repository\org\springframework\spring-webmvc\7.0.0-M7\spring-webmvc-7.0.0-M7.jar;C:\Users\msabi\.m2\repository\org\springframework\boot\spring-boot-devtools\4.0.0-M1\spring-boot-devtools-4.0.0-M1.jar;C:\Users\msabi\.m2\repository\org\springframework\boot\spring-boot\4.0.0-M1\spring-boot-4.0.0-M1.jar;C:\Users\msabi\.m2\repository\org\springframework\spring-context\7.0.0-M7\spring-context-7.0.0-M7.jar;C:\Users\msabi\.m2\repository\org\springframework\spring-aop\7.0.0-M7\spring-aop-7.0.0-M7.jar;C:\Users\msabi\.m2\repository\org\springframework\spring-beans\7.0.0-M7\spring-beans-7.0.0-M7.jar;C:\Users\msabi\.m2\repository\org\springframework\spring-expression\7.0.0-M7\spring-expression-7.0.0-M7.jar;C:\Users\msabi\.m2\repository\io\micrometer\micrometer-observation\1.16.0-M1\micrometer-observation-1.16.0-M1.jar;C:\Users\msabi\.m2\repository\io\micrometer\micrometer-commons\1.16.0-M1\micrometer-commons-1.16.0-M1.jar;C:\Users\msabi\.m2\repository\org\springframework\boot\spring-boot-starter-validation\4.0.0-M1\spring-boot-starter-validation-4.0.0-M1.jar;C:\Users\msabi\.m2\repository\org\springframework\boot\spring-boot-validation\4.0.0-M1\spring-boot-validation-4.0.0-M1.jar;C:\Users\msabi\.m2\repository\org\apache\tomcat\embed\tomcat-embed-el\11.0.9\tomcat-embed-el-11.0.9.jar;C:\Users\msabi\.m2\repository\org\hibernate\validator\hibernate-validator\9.0.1.Final\hibernate-validator-9.0.1.Final.jar;C:\Users\msabi\.m2\repository\jakarta\validation\jakarta.validation-api\3.1.1\jakarta.validation-api-3.1.1.jar;C:\Users\msabi\.m2\repository\org\jboss\logging\jboss-logging\3.6.1.Final\jboss-logging-3.6.1.Final.jar;C:\Users\msabi\.m2\repository\com\fasterxml\classmate\1.7.0\classmate-1.7.0.jar;C:\Users\msabi\.m2\repository\org\springframework\boot\spring-boot-starter-test\4.0.0-M1\spring-boot-starter-test-4.0.0-M1.jar;C:\Users\msabi\.m2\repository\org\springframework\boot\spring-boot-test\4.0.0-M1\spring-boot-test-4.0.0-M1.jar;C:\Users\msabi\.m2\repository\org\springframework\boot\spring-boot-restclient-test\4.0.0-M1\spring-boot-restclient-test-4.0.0-M1.jar;C:\Users\msabi\.m2\repository\org\springframework\boot\spring-boot-test-autoconfigure\4.0.0-M1\spring-boot-test-autoconfigure-4.0.0-M1.jar;C:\Users\msabi\.m2\repository\org\springframework\boot\spring-boot-web-server-test\4.0.0-M1\spring-boot-web-server-test-4.0.0-M1.jar;C:\Users\msabi\.m2\repository\com\jayway\jsonpath\json-path\2.9.0\json-path-2.9.0.jar;C:\Users\msabi\.m2\repository\org\slf4j\slf4j-api\2.0.17\slf4j-api-2.0.17.jar;C:\Users\msabi\.m2\repository\jakarta\xml\bind\jakarta.xml.bind-api\4.0.2\jakarta.xml.bind-api-4.0.2.jar;C:\Users\msabi\.m2\repository\jakarta\activation\jakarta.activation-api\2.1.3\jakarta.activation-api-2.1.3.jar;C:\Users\msabi\.m2\repository\net\minidev\json-smart\2.5.2\json-smart-2.5.2.jar;C:\Users\msabi\.m2\repository\net\minidev\accessors-smart\2.5.2\accessors-smart-2.5.2.jar;C:\Users\msabi\.m2\repository\org\ow2\asm\asm\9.7.1\asm-9.7.1.jar;C:\Users\msabi\.m2\repository\org\assertj\assertj-core\3.27.3\assertj-core-3.27.3.jar;C:\Users\msabi\.m2\repository\net\bytebuddy\byte-buddy\1.17.6\byte-buddy-1.17.6.jar;C:\Users\msabi\.m2\repository\org\awaitility\awaitility\4.3.0\awaitility-4.3.0.jar;C:\Users\msabi\.m2\repository\org\hamcrest\hamcrest\3.0\hamcrest-3.0.jar;C:\Users\msabi\.m2\repository\org\junit\jupiter\junit-jupiter\5.13.4\junit-jupiter-5.13.4.jar;C:\Users\msabi\.m2\repository\org\junit\jupiter\junit-jupiter-api\5.13.4\junit-jupiter-api-5.13.4.jar;C:\Users\msabi\.m2\repository\org\opentest4j\opentest4j\1.3.0\opentest4j-1.3.0.jar;C:\Users\msabi\.m2\repository\org\junit\platform\junit-platform-commons\1.13.4\junit-platform-commons-1.13.4.jar;C:\Users\msabi\.m2\repository\org\apiguardian\apiguardian-api\1.1.2\apiguardian-api-1.1.2.jar;C:\Users\msabi\.m2\repository\org\junit\jupiter\junit-jupiter-params\5.13.4\junit-jupiter-params-5.13.4.jar;C:\Users\msabi\.m2\repository\org\junit\jupiter\junit-jupiter-engine\5.13.4\junit-jupiter-engine-5.13.4.jar;C:\Users\msabi\.m2\repository\org\junit\platform\junit-platform-engine\1.13.4\junit-platform-engine-1.13.4.jar;C:\Users\msabi\.m2\repository\org\mockito\mockito-core\5.18.0\mockito-core-5.18.0.jar;C:\Users\msabi\.m2\repository\net\bytebuddy\byte-buddy-agent\1.17.6\byte-buddy-agent-1.17.6.jar;C:\Users\msabi\.m2\repository\org\objenesis\objenesis\3.3\objenesis-3.3.jar;C:\Users\msabi\.m2\repository\org\mockito\mockito-junit-jupiter\5.18.0\mockito-junit-jupiter-5.18.0.jar;C:\Users\msabi\.m2\repository\org\skyscreamer\jsonassert\1.5.3\jsonassert-1.5.3.jar;C:\Users\msabi\.m2\repository\com\vaadin\external\google\android-json\0.0.20131108.vaadin1\android-json-0.0.20131108.vaadin1.jar;C:\Users\msabi\.m2\repository\org\springframework\spring-core\7.0.0-M7\spring-core-7.0.0-M7.jar;C:\Users\msabi\.m2\repository\commons-logging\commons-logging\1.3.5\commons-logging-1.3.5.jar;C:\Users\msabi\.m2\repository\org\jspecify\jspecify\1.0.0\jspecify-1.0.0.jar;C:\Users\msabi\.m2\repository\org\springframework\spring-test\7.0.0-M7\spring-test-7.0.0-M7.jar;C:\Users\msabi\.m2\repository\org\xmlunit\xmlunit-core\2.10.3\xmlunit-core-2.10.3.jar;"/>
    <property name="sun.cpu.endian" value="little"/>
    <property name="user.home" value="C:\Users\msabi"/>
    <property name="user.language" value="en"/>
    <property name="java.specification.vendor" value="Oracle Corporation"/>
    <property name="java.version.date" value="2024-07-16"/>
    <property name="java.home" value="C:\Program Files\Java\jdk-17"/>
    <property name="file.separator" value="\"/>
    <property name="style.color" value="always"/>
    <property name="basedir" value="D:\Eclipse Demo\PracticeTwo"/>
    <property name="java.vm.compressedOopsMode" value="32-bit"/>
    <property name="line.separator" value="&#10;"/>
    <property name="java.vm.specification.vendor" value="Oracle Corporation"/>
    <property name="java.specification.name" value="Java Platform API Specification"/>
    <property name="FILE_LOG_CHARSET" value="windows-1252"/>
    <property name="java.awt.headless" value="true"/>
    <property name="surefire.real.class.path" value="C:\Users\msabi\AppData\Local\Temp\surefire3402303734491066535\surefirebooter-20250826110750950_3.jar"/>
    <property name="user.script" value=""/>
    <property name="sun.management.compiler" value="HotSpot 64-Bit Tiered Compilers"/>
    <property name="java.runtime.version" value="17.0.12+8-LTS-286"/>
    <property name="user.name" value="msabi"/>
    <property name="path.separator" value=";"/>
    <property name="os.version" value="10.0"/>
    <property name="java.runtime.name" value="Java(TM) SE Runtime Environment"/>
    <property name="file.encoding" value="Cp1252"/>
    <property name="java.vm.name" value="Java HotSpot(TM) 64-Bit Server VM"/>
    <property name="localRepository" value="C:\Users\msabi\.m2\repository"/>
    <property name="java.vendor.url.bug" value="https://bugreport.java.com/bugreport/"/>
    <property name="java.io.tmpdir" value="C:\Users\msabi\AppData\Local\Temp\"/>
    <property name="java.version" value="17.0.12"/>
    <property name="user.dir" value="D:\Eclipse Demo\PracticeTwo"/>
    <property name="os.arch" value="amd64"/>
    <property name="java.vm.specification.name" value="Java Virtual Machine Specification"/>
    <property name="PID" value="12632"/>
    <property name="sun.os.patch.level" value=""/>
    <property name="CONSOLE_LOG_CHARSET" value="windows-1252"/>
    <property name="native.encoding" value="Cp1252"/>
    <property name="java.library.path" value="C:\Program Files\Java\jdk-17\bin;C:\WINDOWS\Sun\Java\bin;C:\WINDOWS\system32;C:\WINDOWS;D:/eclipse//plugins/org.eclipse.justj.openjdk.hotspot.jre.full.win32.x86_64_21.0.7.v20250502-0916/jre/bin/server;D:/eclipse//plugins/org.eclipse.justj.openjdk.hotspot.jre.full.win32.x86_64_21.0.7.v20250502-0916/jre/bin;C:\Program Files (x86)\Common Files\Oracle\Java\javapath;C:\WINDOWS\system32;C:\WINDOWS;C:\WINDOWS\system32\Wbem;C:\Program Files\Common Files\Oracle\Java\javapath;C:\windows\system32;C:\windows;C:\windows\System32\Wbem;C:\windows\System32\WindowsPowerShell\v1.0\;C:\windows\System32\OpenSSH\;C:\Program Files (x86)\NVIDIA Corporation\PhysX\Common;C:\Program Files\NVIDIA Corporation\NVIDIA NvDLISR;C:\Program Files\MySQL\MySQL Server 8.0\bin;C:\Program Files (x86)\dotnet\;D:\web development\;C:\Program Files\Java\jdk-20;D:\final matlab\Git\cmd;C:\Program Files\MATLAB\R2023a\runtime\win64;C:\Program Files\MATLAB\R2023a\bin;C:\WINDOWS\System32\WindowsPowerShell\v1.0\;C:\WINDOWS\System32\OpenSSH\;C:\Program Files (x86)\IVI Foundation\VISA\WinNT\Bin\;C:\Program Files (x86)\IVI Foundation\VISA\WinNT\Bin;E:\bin;C:\Program Files\Microchip\xc8\v2.45\bin;C:\Program Files (x86)\Microchip\MPLAB C32 Suite\bin;C:\MinGW\bin;C:\Program Files\Java\jdk-17\bin;C:\Program Files\MySQL\MySQL Shell 8.0\bin\;C:\Users\msabi\AppData\Local\Microsoft\WindowsApps;C:\Users\msabi\AppData\Local\Programs\Microsoft VS Code\bin;C:\Users\msabi\AppData\Local\GitHubDesktop\bin;C:\Users\msabi\AppData\Roaming\npm;;C:\Program Files\JetBrains\IntelliJ IDEA 2024.1\bin;;C:\Program Files\JetBrains\IntelliJ IDEA Community Edition 2024.3.4.1\bin;;D:\eclipse;;."/>
    <property name="java.vm.info" value="mixed mode, sharing"/>
    <property name="java.vendor" value="Oracle Corporation"/>
    <property name="java.vm.version" value="17.0.12+8-LTS-286"/>
    <property name="sun.io.unicode.encoding" value="UnicodeLittle"/>
    <property name="java.class.version" value="61.0"/>
    <property name="LOGGED_APPLICATION_NAME" value="[PracticeTwo] "/>
  </properties>
  <testcase name="contextLoads" classname="com.example.PracticeTwo.PracticeTwoApplicationTests" time="0.725">
    <system-out><![CDATA[11:07:51.925 [main] INFO org.springframework.test.context.support.AnnotationConfigContextLoaderUtils -- Could not detect default configuration classes for test class [com.example.PracticeTwo.PracticeTwoApplicationTests]: PracticeTwoApplicationTests does not declare any static, non-private, non-final, nested classes annotated with @Configuration.
11:07:52.073 [main] INFO org.springframework.boot.test.context.SpringBootTestContextBootstrapper -- Found @SpringBootConfiguration com.example.PracticeTwo.PracticeTwoApplication for test class com.example.PracticeTwo.PracticeTwoApplicationTests
11:07:52.262 [main] INFO org.springframework.boot.devtools.restart.RestartApplicationListener -- Restart disabled due to context in which it is running

  .   ____          _            __ _ _
 /\\ / ___'_ __ _ _(_)_ __  __ _ \ \ \ \
( ( )\___ | '_ | '_| | '_ \/ _` | \ \ \ \
 \\/  ___)| |_)| | | | | || (_| |  ) ) ) )
  '  |____| .__|_| |_|_| |_\__, | / / / /
 =========|_|==============|___/=/_/_/_/

 :: Spring Boot ::             (v4.0.0-M1)

2025-08-26T11:07:52.627+05:30  INFO 12632 --- [PracticeTwo] [           main] c.e.P.PracticeTwoApplicationTests        : Starting PracticeTwoApplicationTests using Java 17.0.12 with PID 12632 (started by msabi in D:\Eclipse Demo\PracticeTwo)
2025-08-26T11:07:52.628+05:30  INFO 12632 --- [PracticeTwo] [           main] c.e.P.PracticeTwoApplicationTests        : No active profile set, falling back to 1 default profile: "default"
2025-08-26T11:07:52.673+05:30 DEBUG 12632 --- [PracticeTwo] [           main] o.s.w.c.s.GenericWebApplicationContext   : Refreshing org.springframework.web.context.support.GenericWebApplicationContext@2873d672
2025-08-26T11:07:53.580+05:30 DEBUG 12632 --- [PracticeTwo] [           main] s.w.s.m.m.a.RequestMappingHandlerMapping : 5 mappings in 'requestMappingHandlerMapping'
2025-08-26T11:07:53.653+05:30 DEBUG 12632 --- [PracticeTwo] [           main] o.s.w.s.handler.SimpleUrlHandlerMapping  : Patterns [/webjars/**, /**] in 'resourceHandlerMapping'
2025-08-26T11:07:53.674+05:30 DEBUG 12632 --- [PracticeTwo] [           main] s.w.s.m.m.a.RequestMappingHandlerAdapter : ControllerAdvice beans: 0 @ModelAttribute, 0 @InitBinder, 1 RequestBodyAdvice, 1 ResponseBodyAdvice
2025-08-26T11:07:53.721+05:30 DEBUG 12632 --- [PracticeTwo] [           main] .m.m.a.ExceptionHandlerExceptionResolver : ControllerAdvice beans: 0 @ExceptionHandler, 1 ResponseBodyAdvice
2025-08-26T11:07:53.821+05:30  INFO 12632 --- [PracticeTwo] [           main] c.e.P.PracticeTwoApplicationTests        : Started PracticeTwoApplicationTests in 1.573 seconds (process running for 2.744)
]]></system-out>
  </testcase>
</testsuite>